# JRE version: Java(TM) SE Runtime Environment (8.0_20-b26) (build 1.8.0_20-b26)
# Java VM: Java HotSpot(TM) 64-Bit Server VM (25.20-b23 mixed mode windows-amd64 compressed oops)
Heap:
 PSYoungGen      total 367104K, used 110613K [0x00000000d6000000, 0x00000000ee480000, 0x0000000100000000)
  eden space 354304K, 27% used [0x00000000d6000000,0x00000000dbf87ae0,0x00000000eba00000)
  from space 12800K, 99% used [0x00000000ed800000,0x00000000ee47db48,0x00000000ee480000)
  to   space 16384K, 0% used [0x00000000ec480000,0x00000000ec480000,0x00000000ed480000)
 ParOldGen       total 63488K, used 22015K [0x0000000082000000, 0x0000000085e00000, 0x00000000d6000000)
  object space 63488K, 34% used [0x0000000082000000,0x000000008357ffe0,0x0000000085e00000)
 Metaspace       used 50499K, capacity 53772K, committed 53888K, reserved 1095680K
  class space    used 6937K, capacity 7474K, committed 7552K, reserved 1048576K
GC Heap History (10 events):
Event: 9.323 GC heap before
{Heap before GC invocations=8 (full 1):
 PSYoungGen      total 139264K, used 131072K [0x00000000d6000000, 0x00000000df100000, 0x0000000100000000)
  eden space 131072K, 100% used [0x00000000d6000000,0x00000000de000000,0x00000000de000000)
  from space 8192K, 0% used [0x00000000de900000,0x00000000de900000,0x00000000df100000)
  to   space 8704K, 0% used [0x00000000de000000,0x00000000de000000,0x00000000de880000)
 ParOldGen       total 46080K, used 6219K [0x0000000082000000, 0x0000000084d00000, 0x00000000d6000000)
  object space 46080K, 13% used [0x0000000082000000,0x0000000082612d58,0x0000000084d00000)
 Metaspace       used 24918K, capacity 26054K, committed 26240K, reserved 1071104K
  class space    used 3378K, capacity 3609K, committed 3712K, reserved 1048576K
Event: 9.334 GC heap after
Heap after GC invocations=8 (full 1):
 PSYoungGen      total 139776K, used 8552K [0x00000000d6000000, 0x00000000e6600000, 0x0000000100000000)
  eden space 131072K, 0% used [0x00000000d6000000,0x00000000d6000000,0x00000000de000000)
  from space 8704K, 98% used [0x00000000de000000,0x00000000de85a210,0x00000000de880000)
  to   space 9728K, 0% used [0x00000000e5c80000,0x00000000e5c80000,0x00000000e6600000)
 ParOldGen       total 46080K, used 6227K [0x0000000082000000, 0x0000000084d00000, 0x00000000d6000000)
  object space 46080K, 13% used [0x0000000082000000,0x0000000082614d58,0x0000000084d00000)
 Metaspace       used 24918K, capacity 26054K, committed 26240K, reserved 1071104K
  class space    used 3378K, capacity 3609K, committed 3712K, reserved 1048576K
}
Event: 11.122 GC heap before
{Heap before GC invocations=9 (full 1):
 PSYoungGen      total 139776K, used 139624K [0x00000000d6000000, 0x00000000e6600000, 0x0000000100000000)
  eden space 131072K, 100% used [0x00000000d6000000,0x00000000de000000,0x00000000de000000)
  from space 8704K, 98% used [0x00000000de000000,0x00000000de85a210,0x00000000de880000)
  to   space 9728K, 0% used [0x00000000e5c80000,0x00000000e5c80000,0x00000000e6600000)
 ParOldGen       total 46080K, used 6227K [0x0000000082000000, 0x0000000084d00000, 0x00000000d6000000)
  object space 46080K, 13% used [0x0000000082000000,0x0000000082614d58,0x0000000084d00000)
 Metaspace       used 31224K, capacity 32900K, committed 33024K, reserved 1077248K
  class space    used 4209K, capacity 4496K, committed 4608K, reserved 1048576K
Event: 11.133 GC heap after
Heap after GC invocations=9 (full 1):
 PSYoungGen      total 255488K, used 9724K [0x00000000d6000000, 0x00000000e6800000, 0x0000000100000000)
  eden space 245760K, 0% used [0x00000000d6000000,0x00000000d6000000,0x00000000e5000000)
  from space 9728K, 99% used [0x00000000e5c80000,0x00000000e65ff2c8,0x00000000e6600000)
  to   space 12288K, 0% used [0x00000000e5000000,0x00000000e5000000,0x00000000e5c00000)
 ParOldGen       total 46080K, used 9078K [0x0000000082000000, 0x0000000084d00000, 0x00000000d6000000)
  object space 46080K, 19% used [0x0000000082000000,0x00000000828ddbd8,0x0000000084d00000)
 Metaspace       used 31224K, capacity 32900K, committed 33024K, reserved 1077248K
  class space    used 4209K, capacity 4496K, committed 4608K, reserved 1048576K
}
Event: 11.601 GC heap before
{Heap before GC invocations=10 (full 1):
 PSYoungGen      total 255488K, used 76657K [0x00000000d6000000, 0x00000000e6800000, 0x0000000100000000)
  eden space 245760K, 27% used [0x00000000d6000000,0x00000000da15d308,0x00000000e5000000)
  from space 9728K, 99% used [0x00000000e5c80000,0x00000000e65ff2c8,0x00000000e6600000)
  to   space 12288K, 0% used [0x00000000e5000000,0x00000000e5000000,0x00000000e5c00000)
 ParOldGen       total 46080K, used 9078K [0x0000000082000000, 0x0000000084d00000, 0x00000000d6000000)
  object space 46080K, 19% used [0x0000000082000000,0x00000000828ddbd8,0x0000000084d00000)
 Metaspace       used 33753K, capacity 35436K, committed 35496K, reserved 1079296K
  class space    used 4538K, capacity 4840K, committed 4864K, reserved 1048576K
Event: 11.612 GC heap after
Heap after GC invocations=10 (full 1):
 PSYoungGen      total 258048K, used 9687K [0x00000000d6000000, 0x00000000ee480000, 0x0000000100000000)
  eden space 245760K, 0% used [0x00000000d6000000,0x00000000d6000000,0x00000000e5000000)
  from space 12288K, 78% used [0x00000000e5000000,0x00000000e5975de0,0x00000000e5c00000)
  to   space 12800K, 0% used [0x00000000ed800000,0x00000000ed800000,0x00000000ee480000)
 ParOldGen       total 46080K, used 9086K [0x0000000082000000, 0x0000000084d00000, 0x00000000d6000000)
  object space 46080K, 19% used [0x0000000082000000,0x00000000828dfbd8,0x0000000084d00000)
 Metaspace       used 33753K, capacity 35436K, committed 35496K, reserved 1079296K
  class space    used 4538K, capacity 4840K, committed 4864K, reserved 1048576K
}
Event: 11.612 GC heap before
{Heap before GC invocations=11 (full 2):
 PSYoungGen      total 258048K, used 9687K [0x00000000d6000000, 0x00000000ee480000, 0x0000000100000000)
  eden space 245760K, 0% used [0x00000000d6000000,0x00000000d6000000,0x00000000e5000000)
  from space 12288K, 78% used [0x00000000e5000000,0x00000000e5975de0,0x00000000e5c00000)
  to   space 12800K, 0% used [0x00000000ed800000,0x00000000ed800000,0x00000000ee480000)
 ParOldGen       total 46080K, used 9086K [0x0000000082000000, 0x0000000084d00000, 0x00000000d6000000)
  object space 46080K, 19% used [0x0000000082000000,0x00000000828dfbd8,0x0000000084d00000)
 Metaspace       used 33753K, capacity 35436K, committed 35496K, reserved 1079296K
  class space    used 4538K, capacity 4840K, committed 4864K, reserved 1048576K
Event: 11.676 GC heap after
Heap after GC invocations=11 (full 2):
 PSYoungGen      total 258048K, used 0K [0x00000000d6000000, 0x00000000ee480000, 0x0000000100000000)
  eden space 245760K, 0% used [0x00000000d6000000,0x00000000d6000000,0x00000000e5000000)
  from space 12288K, 0% used [0x00000000e5000000,0x00000000e5000000,0x00000000e5c00000)
  to   space 12800K, 0% used [0x00000000ed800000,0x00000000ed800000,0x00000000ee480000)
 ParOldGen       total 63488K, used 15238K [0x0000000082000000, 0x0000000085e00000, 0x00000000d6000000)
  object space 63488K, 24% used [0x0000000082000000,0x0000000082ee1b70,0x0000000085e00000)
 Metaspace       used 33753K, capacity 35436K, committed 35496K, reserved 1079296K
  class space    used 4538K, capacity 4840K, committed 4864K, reserved 1048576K
}
Event: 21.562 GC heap before
{Heap before GC invocations=12 (full 2):
 PSYoungGen      total 258048K, used 245760K [0x00000000d6000000, 0x00000000ee480000, 0x0000000100000000)
  eden space 245760K, 100% used [0x00000000d6000000,0x00000000e5000000,0x00000000e5000000)
  from space 12288K, 0% used [0x00000000e5000000,0x00000000e5000000,0x00000000e5c00000)
  to   space 12800K, 0% used [0x00000000ed800000,0x00000000ed800000,0x00000000ee480000)
 ParOldGen       total 63488K, used 15238K [0x0000000082000000, 0x0000000085e00000, 0x00000000d6000000)
  object space 63488K, 24% used [0x0000000082000000,0x0000000082ee1b70,0x0000000085e00000)
 Metaspace       used 48079K, capacity 51062K, committed 51200K, reserved 1093632K
  class space    used 6636K, capacity 7142K, committed 7168K, reserved 1048576K
Event: 21.588 GC heap after
Heap after GC invocations=12 (full 2):
 PSYoungGen      total 367104K, used 12790K [0x00000000d6000000, 0x00000000ee480000, 0x0000000100000000)
  eden space 354304K, 0% used [0x00000000d6000000,0x00000000d6000000,0x00000000eba00000)
  from space 12800K, 99% used [0x00000000ed800000,0x00000000ee47db48,0x00000000ee480000)
  to   space 16384K, 0% used [0x00000000ec480000,0x00000000ec480000,0x00000000ed480000)
 ParOldGen       total 63488K, used 22015K [0x0000000082000000, 0x0000000085e00000, 0x00000000d6000000)
  object space 63488K, 34% used [0x0000000082000000,0x000000008357ffe0,0x0000000085e00000)
 Metaspace       used 48079K, capacity 51062K, committed 51200K, reserved 1093632K
  class space    used 6636K, capacity 7142K, committed 7168K, reserved 1048576K
}

