# JRE version: Java(TM) SE Runtime Environment (8.0_20-b26) (build 1.8.0_20-b26)
# Java VM: Java HotSpot(TM) 64-Bit Server VM (25.20-b23 mixed mode windows-amd64 compressed oops)
Heap:
 PSYoungGen      total 287232K, used 185590K [0x00000000d6000000, 0x00000000ea680000, 0x0000000100000000)
  eden space 274944K, 63% used [0x00000000d6000000,0x00000000e09424d0,0x00000000e6c80000)
  from space 12288K, 99% used [0x00000000e9a80000,0x00000000ea67b3b8,0x00000000ea680000)
  to   space 15360K, 0% used [0x00000000e8880000,0x00000000e8880000,0x00000000e9780000)
 ParOldGen       total 82432K, used 20868K [0x0000000082000000, 0x0000000087080000, 0x00000000d6000000)
  object space 82432K, 25% used [0x0000000082000000,0x00000000834613a0,0x0000000087080000)
 Metaspace       used 51051K, capacity 54402K, committed 54528K, reserved 1095680K
  class space    used 7075K, capacity 7630K, committed 7680K, reserved 1048576K
GC Heap History (10 events):
Event: 6.037 GC heap before
{Heap before GC invocations=8 (full 1):
 PSYoungGen      total 139776K, used 131072K [0x00000000d6000000, 0x00000000df100000, 0x0000000100000000)
  eden space 131072K, 100% used [0x00000000d6000000,0x00000000de000000,0x00000000de000000)
  from space 8704K, 0% used [0x00000000de880000,0x00000000de880000,0x00000000df100000)
  to   space 8704K, 0% used [0x00000000de000000,0x00000000de000000,0x00000000de880000)
 ParOldGen       total 52224K, used 8006K [0x0000000082000000, 0x0000000085300000, 0x00000000d6000000)
  object space 52224K, 15% used [0x0000000082000000,0x00000000827d1908,0x0000000085300000)
 Metaspace       used 24143K, capacity 25134K, committed 25344K, reserved 1071104K
  class space    used 3273K, capacity 3491K, committed 3584K, reserved 1048576K
Event: 6.043 GC heap after
Heap after GC invocations=8 (full 1):
 PSYoungGen      total 139776K, used 7027K [0x00000000d6000000, 0x00000000e4d00000, 0x0000000100000000)
  eden space 131072K, 0% used [0x00000000d6000000,0x00000000d6000000,0x00000000de000000)
  from space 8704K, 80% used [0x00000000de000000,0x00000000de6dcde0,0x00000000de880000)
  to   space 9216K, 0% used [0x00000000e4400000,0x00000000e4400000,0x00000000e4d00000)
 ParOldGen       total 52224K, used 8014K [0x0000000082000000, 0x0000000085300000, 0x00000000d6000000)
  object space 52224K, 15% used [0x0000000082000000,0x00000000827d3908,0x0000000085300000)
 Metaspace       used 24143K, capacity 25134K, committed 25344K, reserved 1071104K
  class space    used 3273K, capacity 3491K, committed 3584K, reserved 1048576K
}
Event: 7.735 GC heap before
{Heap before GC invocations=9 (full 1):
 PSYoungGen      total 139776K, used 138099K [0x00000000d6000000, 0x00000000e4d00000, 0x0000000100000000)
  eden space 131072K, 100% used [0x00000000d6000000,0x00000000de000000,0x00000000de000000)
  from space 8704K, 80% used [0x00000000de000000,0x00000000de6dcde0,0x00000000de880000)
  to   space 9216K, 0% used [0x00000000e4400000,0x00000000e4400000,0x00000000e4d00000)
 ParOldGen       total 52224K, used 8014K [0x0000000082000000, 0x0000000085300000, 0x00000000d6000000)
  object space 52224K, 15% used [0x0000000082000000,0x00000000827d3908,0x0000000085300000)
 Metaspace       used 30068K, capacity 31790K, committed 31872K, reserved 1077248K
  class space    used 4109K, capacity 4429K, committed 4480K, reserved 1048576K
Event: 7.746 GC heap after
Heap after GC invocations=9 (full 1):
 PSYoungGen      total 228864K, used 9214K [0x00000000d6000000, 0x00000000e4d00000, 0x0000000100000000)
  eden space 219648K, 0% used [0x00000000d6000000,0x00000000d6000000,0x00000000e3680000)
  from space 9216K, 99% used [0x00000000e4400000,0x00000000e4cffb28,0x00000000e4d00000)
  to   space 11264K, 0% used [0x00000000e3700000,0x00000000e3700000,0x00000000e4200000)
 ParOldGen       total 52224K, used 10562K [0x0000000082000000, 0x0000000085300000, 0x00000000d6000000)
  object space 52224K, 20% used [0x0000000082000000,0x0000000082a50988,0x0000000085300000)
 Metaspace       used 30068K, capacity 31790K, committed 31872K, reserved 1077248K
  class space    used 4109K, capacity 4429K, committed 4480K, reserved 1048576K
}
Event: 8.486 GC heap before
{Heap before GC invocations=10 (full 1):
 PSYoungGen      total 228864K, used 95600K [0x00000000d6000000, 0x00000000e4d00000, 0x0000000100000000)
  eden space 219648K, 39% used [0x00000000d6000000,0x00000000db45c610,0x00000000e3680000)
  from space 9216K, 99% used [0x00000000e4400000,0x00000000e4cffb28,0x00000000e4d00000)
  to   space 11264K, 0% used [0x00000000e3700000,0x00000000e3700000,0x00000000e4200000)
 ParOldGen       total 52224K, used 10562K [0x0000000082000000, 0x0000000085300000, 0x00000000d6000000)
  object space 52224K, 20% used [0x0000000082000000,0x0000000082a50988,0x0000000085300000)
 Metaspace       used 33819K, capacity 35478K, committed 35496K, reserved 1079296K
  class space    used 4551K, capacity 4859K, committed 4864K, reserved 1048576K
Event: 8.500 GC heap after
Heap after GC invocations=10 (full 1):
 PSYoungGen      total 231424K, used 11052K [0x00000000d6000000, 0x00000000ea680000, 0x0000000100000000)
  eden space 220160K, 0% used [0x00000000d6000000,0x00000000d6000000,0x00000000e3700000)
  from space 11264K, 98% used [0x00000000e3700000,0x00000000e41cb2f0,0x00000000e4200000)
  to   space 12288K, 0% used [0x00000000e9a80000,0x00000000e9a80000,0x00000000ea680000)
 ParOldGen       total 52224K, used 10570K [0x0000000082000000, 0x0000000085300000, 0x00000000d6000000)
  object space 52224K, 20% used [0x0000000082000000,0x0000000082a52988,0x0000000085300000)
 Metaspace       used 33819K, capacity 35478K, committed 35496K, reserved 1079296K
  class space    used 4551K, capacity 4859K, committed 4864K, reserved 1048576K
}
Event: 8.500 GC heap before
{Heap before GC invocations=11 (full 2):
 PSYoungGen      total 231424K, used 11052K [0x00000000d6000000, 0x00000000ea680000, 0x0000000100000000)
  eden space 220160K, 0% used [0x00000000d6000000,0x00000000d6000000,0x00000000e3700000)
  from space 11264K, 98% used [0x00000000e3700000,0x00000000e41cb2f0,0x00000000e4200000)
  to   space 12288K, 0% used [0x00000000e9a80000,0x00000000e9a80000,0x00000000ea680000)
 ParOldGen       total 52224K, used 10570K [0x0000000082000000, 0x0000000085300000, 0x00000000d6000000)
  object space 52224K, 20% used [0x0000000082000000,0x0000000082a52988,0x0000000085300000)
 Metaspace       used 33819K, capacity 35478K, committed 35496K, reserved 1079296K
  class space    used 4551K, capacity 4859K, committed 4864K, reserved 1048576K
Event: 8.620 GC heap after
Heap after GC invocations=11 (full 2):
 PSYoungGen      total 231424K, used 0K [0x00000000d6000000, 0x00000000ea680000, 0x0000000100000000)
  eden space 220160K, 0% used [0x00000000d6000000,0x00000000d6000000,0x00000000e3700000)
  from space 11264K, 0% used [0x00000000e3700000,0x00000000e3700000,0x00000000e4200000)
  to   space 12288K, 0% used [0x00000000e9a80000,0x00000000e9a80000,0x00000000ea680000)
 ParOldGen       total 82432K, used 16154K [0x0000000082000000, 0x0000000087080000, 0x00000000d6000000)
  object space 82432K, 19% used [0x0000000082000000,0x0000000082fc6ae0,0x0000000087080000)
 Metaspace       used 33819K, capacity 35478K, committed 35496K, reserved 1079296K
  class space    used 4551K, capacity 4859K, committed 4864K, reserved 1048576K
}
Event: 12.147 GC heap before
{Heap before GC invocations=12 (full 2):
 PSYoungGen      total 231424K, used 220160K [0x00000000d6000000, 0x00000000ea680000, 0x0000000100000000)
  eden space 220160K, 100% used [0x00000000d6000000,0x00000000e3700000,0x00000000e3700000)
  from space 11264K, 0% used [0x00000000e3700000,0x00000000e3700000,0x00000000e4200000)
  to   space 12288K, 0% used [0x00000000e9a80000,0x00000000e9a80000,0x00000000ea680000)
 ParOldGen       total 82432K, used 16154K [0x0000000082000000, 0x0000000087080000, 0x00000000d6000000)
  object space 82432K, 19% used [0x0000000082000000,0x0000000082fc6ae0,0x0000000087080000)
 Metaspace       used 46219K, capacity 49072K, committed 49152K, reserved 1091584K
  class space    used 6384K, capacity 6859K, committed 6912K, reserved 1048576K
Event: 12.162 GC heap after
Heap after GC invocations=12 (full 2):
 PSYoungGen      total 287232K, used 12268K [0x00000000d6000000, 0x00000000ea680000, 0x0000000100000000)
  eden space 274944K, 0% used [0x00000000d6000000,0x00000000d6000000,0x00000000e6c80000)
  from space 12288K, 99% used [0x00000000e9a80000,0x00000000ea67b3b8,0x00000000ea680000)
  to   space 15360K, 0% used [0x00000000e8880000,0x00000000e8880000,0x00000000e9780000)
 ParOldGen       total 82432K, used 20868K [0x0000000082000000, 0x0000000087080000, 0x00000000d6000000)
  object space 82432K, 25% used [0x0000000082000000,0x00000000834613a0,0x0000000087080000)
 Metaspace       used 46219K, capacity 49072K, committed 49152K, reserved 1091584K
  class space    used 6384K, capacity 6859K, committed 6912K, reserved 1048576K
}

