# JRE version: Java(TM) SE Runtime Environment (8.0_20-b26) (build 1.8.0_20-b26)
# Java VM: Java HotSpot(TM) 64-Bit Server VM (25.20-b23 mixed mode windows-amd64 compressed oops)
Heap:
 PSYoungGen      total 187392K, used 80762K [0x00000000d6000000, 0x00000000e2380000, 0x0000000100000000)
  eden space 176128K, 39% used [0x00000000d6000000,0x00000000da3dfb80,0x00000000e0c00000)
  from space 11264K, 99% used [0x00000000e0c00000,0x00000000e16fee60,0x00000000e1700000)
  to   space 11264K, 0% used [0x00000000e1700000,0x00000000e1700000,0x00000000e2200000)
 ParOldGen       total 49152K, used 18423K [0x0000000082000000, 0x0000000085000000, 0x00000000d6000000)
  object space 49152K, 37% used [0x0000000082000000,0x00000000831fdc48,0x0000000085000000)
 Metaspace       used 47356K, capacity 50356K, committed 50560K, reserved 1095680K
  class space    used 6422K, capacity 6931K, committed 7040K, reserved 1048576K
GC Heap History (10 events):
Event: 12.209 GC heap before
{Heap before GC invocations=9 (full 1):
 PSYoungGen      total 74240K, used 70190K [0x00000000d6000000, 0x00000000de700000, 0x0000000100000000)
  eden space 65536K, 100% used [0x00000000d6000000,0x00000000da000000,0x00000000da000000)
  from space 8704K, 53% used [0x00000000da000000,0x00000000da48b820,0x00000000da880000)
  to   space 9216K, 0% used [0x00000000dde00000,0x00000000dde00000,0x00000000de700000)
 ParOldGen       total 49152K, used 7135K [0x0000000082000000, 0x0000000085000000, 0x00000000d6000000)
  object space 49152K, 14% used [0x0000000082000000,0x00000000826f7d58,0x0000000085000000)
 Metaspace       used 25264K, capacity 26428K, committed 26752K, reserved 1073152K
  class space    used 3377K, capacity 3598K, committed 3712K, reserved 1048576K
Event: 12.217 GC heap after
Heap after GC invocations=9 (full 1):
 PSYoungGen      total 126976K, used 7534K [0x00000000d6000000, 0x00000000de600000, 0x0000000100000000)
  eden space 118784K, 0% used [0x00000000d6000000,0x00000000d6000000,0x00000000dd400000)
  from space 8192K, 91% used [0x00000000dde00000,0x00000000de55bac8,0x00000000de600000)
  to   space 9216K, 0% used [0x00000000dd400000,0x00000000dd400000,0x00000000ddd00000)
 ParOldGen       total 49152K, used 7143K [0x0000000082000000, 0x0000000085000000, 0x00000000d6000000)
  object space 49152K, 14% used [0x0000000082000000,0x00000000826f9d58,0x0000000085000000)
 Metaspace       used 25264K, capacity 26428K, committed 26752K, reserved 1073152K
  class space    used 3377K, capacity 3598K, committed 3712K, reserved 1048576K
}
Event: 13.386 GC heap before
{Heap before GC invocations=10 (full 1):
 PSYoungGen      total 126976K, used 126318K [0x00000000d6000000, 0x00000000de600000, 0x0000000100000000)
  eden space 118784K, 100% used [0x00000000d6000000,0x00000000dd400000,0x00000000dd400000)
  from space 8192K, 91% used [0x00000000dde00000,0x00000000de55bac8,0x00000000de600000)
  to   space 9216K, 0% used [0x00000000dd400000,0x00000000dd400000,0x00000000ddd00000)
 ParOldGen       total 49152K, used 7143K [0x0000000082000000, 0x0000000085000000, 0x00000000d6000000)
  object space 49152K, 14% used [0x0000000082000000,0x00000000826f9d58,0x0000000085000000)
 Metaspace       used 31327K, capacity 33028K, committed 33152K, reserved 1077248K
  class space    used 4167K, capacity 4474K, committed 4480K, reserved 1048576K
Event: 13.398 GC heap after
Heap after GC invocations=10 (full 1):
 PSYoungGen      total 128000K, used 9200K [0x00000000d6000000, 0x00000000e2200000, 0x0000000100000000)
  eden space 118784K, 0% used [0x00000000d6000000,0x00000000d6000000,0x00000000dd400000)
  from space 9216K, 99% used [0x00000000dd400000,0x00000000ddcfc0b8,0x00000000ddd00000)
  to   space 11264K, 0% used [0x00000000e1700000,0x00000000e1700000,0x00000000e2200000)
 ParOldGen       total 49152K, used 9967K [0x0000000082000000, 0x0000000085000000, 0x00000000d6000000)
  object space 49152K, 20% used [0x0000000082000000,0x00000000829bbe80,0x0000000085000000)
 Metaspace       used 31327K, capacity 33028K, committed 33152K, reserved 1077248K
  class space    used 4167K, capacity 4474K, committed 4480K, reserved 1048576K
}
Event: 13.736 GC heap before
{Heap before GC invocations=11 (full 1):
 PSYoungGen      total 128000K, used 45676K [0x00000000d6000000, 0x00000000e2200000, 0x0000000100000000)
  eden space 118784K, 30% used [0x00000000d6000000,0x00000000d839f1d8,0x00000000dd400000)
  from space 9216K, 99% used [0x00000000dd400000,0x00000000ddcfc0b8,0x00000000ddd00000)
  to   space 11264K, 0% used [0x00000000e1700000,0x00000000e1700000,0x00000000e2200000)
 ParOldGen       total 49152K, used 9967K [0x0000000082000000, 0x0000000085000000, 0x00000000d6000000)
  object space 49152K, 20% used [0x0000000082000000,0x00000000829bbe80,0x0000000085000000)
 Metaspace       used 33571K, capacity 35374K, committed 35496K, reserved 1079296K
  class space    used 4470K, capacity 4799K, committed 4864K, reserved 1048576K
Event: 13.743 GC heap after
Heap after GC invocations=11 (full 1):
 PSYoungGen      total 187392K, used 5659K [0x00000000d6000000, 0x00000000e2380000, 0x0000000100000000)
  eden space 176128K, 0% used [0x00000000d6000000,0x00000000d6000000,0x00000000e0c00000)
  from space 11264K, 50% used [0x00000000e1700000,0x00000000e1c86e88,0x00000000e2200000)
  to   space 11264K, 0% used [0x00000000e0c00000,0x00000000e0c00000,0x00000000e1700000)
 ParOldGen       total 49152K, used 13622K [0x0000000082000000, 0x0000000085000000, 0x00000000d6000000)
  object space 49152K, 27% used [0x0000000082000000,0x0000000082d4daa8,0x0000000085000000)
 Metaspace       used 33571K, capacity 35374K, committed 35496K, reserved 1079296K
  class space    used 4470K, capacity 4799K, committed 4864K, reserved 1048576K
}
Event: 13.743 GC heap before
{Heap before GC invocations=12 (full 2):
 PSYoungGen      total 187392K, used 5659K [0x00000000d6000000, 0x00000000e2380000, 0x0000000100000000)
  eden space 176128K, 0% used [0x00000000d6000000,0x00000000d6000000,0x00000000e0c00000)
  from space 11264K, 50% used [0x00000000e1700000,0x00000000e1c86e88,0x00000000e2200000)
  to   space 11264K, 0% used [0x00000000e0c00000,0x00000000e0c00000,0x00000000e1700000)
 ParOldGen       total 49152K, used 13622K [0x0000000082000000, 0x0000000085000000, 0x00000000d6000000)
  object space 49152K, 27% used [0x0000000082000000,0x0000000082d4daa8,0x0000000085000000)
 Metaspace       used 33571K, capacity 35374K, committed 35496K, reserved 1079296K
  class space    used 4470K, capacity 4799K, committed 4864K, reserved 1048576K
Event: 13.854 GC heap after
Heap after GC invocations=12 (full 2):
 PSYoungGen      total 187392K, used 0K [0x00000000d6000000, 0x00000000e2380000, 0x0000000100000000)
  eden space 176128K, 0% used [0x00000000d6000000,0x00000000d6000000,0x00000000e0c00000)
  from space 11264K, 0% used [0x00000000e1700000,0x00000000e1700000,0x00000000e2200000)
  to   space 11264K, 0% used [0x00000000e0c00000,0x00000000e0c00000,0x00000000e1700000)
 ParOldGen       total 49152K, used 14573K [0x0000000082000000, 0x0000000085000000, 0x00000000d6000000)
  object space 49152K, 29% used [0x0000000082000000,0x0000000082e3b658,0x0000000085000000)
 Metaspace       used 33571K, capacity 35374K, committed 35496K, reserved 1079296K
  class space    used 4470K, capacity 4799K, committed 4864K, reserved 1048576K
}
Event: 17.233 GC heap before
{Heap before GC invocations=13 (full 2):
 PSYoungGen      total 187392K, used 176128K [0x00000000d6000000, 0x00000000e2380000, 0x0000000100000000)
  eden space 176128K, 100% used [0x00000000d6000000,0x00000000e0c00000,0x00000000e0c00000)
  from space 11264K, 0% used [0x00000000e1700000,0x00000000e1700000,0x00000000e2200000)
  to   space 11264K, 0% used [0x00000000e0c00000,0x00000000e0c00000,0x00000000e1700000)
 ParOldGen       total 49152K, used 14573K [0x0000000082000000, 0x0000000085000000, 0x00000000d6000000)
  object space 49152K, 29% used [0x0000000082000000,0x0000000082e3b658,0x0000000085000000)
 Metaspace       used 44205K, capacity 46896K, committed 47232K, reserved 1089536K
  class space    used 5966K, capacity 6422K, committed 6528K, reserved 1048576K
Event: 17.244 GC heap after
Heap after GC invocations=13 (full 2):
 PSYoungGen      total 187392K, used 11259K [0x00000000d6000000, 0x00000000e2380000, 0x0000000100000000)
  eden space 176128K, 0% used [0x00000000d6000000,0x00000000d6000000,0x00000000e0c00000)
  from space 11264K, 99% used [0x00000000e0c00000,0x00000000e16fee60,0x00000000e1700000)
  to   space 11264K, 0% used [0x00000000e1700000,0x00000000e1700000,0x00000000e2200000)
 ParOldGen       total 49152K, used 18423K [0x0000000082000000, 0x0000000085000000, 0x00000000d6000000)
  object space 49152K, 37% used [0x0000000082000000,0x00000000831fdc48,0x0000000085000000)
 Metaspace       used 44205K, capacity 46896K, committed 47232K, reserved 1089536K
  class space    used 5966K, capacity 6422K, committed 6528K, reserved 1048576K
}

