# JRE version: Java(TM) SE Runtime Environment (8.0_20-b26) (build 1.8.0_20-b26)
# Java VM: Java HotSpot(TM) 64-Bit Server VM (25.20-b23 mixed mode windows-amd64 compressed oops)
Heap:
 PSYoungGen      total 281088K, used 247107K [0x00000000d6000000, 0x00000000e9f80000, 0x0000000100000000)
  eden space 268800K, 87% used [0x00000000d6000000,0x00000000e4556240,0x00000000e6680000)
  from space 12288K, 99% used [0x00000000e9380000,0x00000000e9f7abd0,0x00000000e9f80000)
  to   space 15360K, 0% used [0x00000000e8180000,0x00000000e8180000,0x00000000e9080000)
 ParOldGen       total 84992K, used 20715K [0x0000000082000000, 0x0000000087300000, 0x00000000d6000000)
  object space 84992K, 24% used [0x0000000082000000,0x000000008343ad40,0x0000000087300000)
 Metaspace       used 54707K, capacity 58248K, committed 58624K, reserved 1099776K
  class space    used 7484K, capacity 8071K, committed 8192K, reserved 1048576K
GC Heap History (10 events):
Event: 6.664 GC heap before
{Heap before GC invocations=8 (full 1):
 PSYoungGen      total 139264K, used 130560K [0x00000000d6000000, 0x00000000df200000, 0x0000000100000000)
  eden space 130560K, 100% used [0x00000000d6000000,0x00000000ddf80000,0x00000000ddf80000)
  from space 8704K, 0% used [0x00000000de880000,0x00000000de880000,0x00000000df100000)
  to   space 9216K, 0% used [0x00000000ddf80000,0x00000000ddf80000,0x00000000de880000)
 ParOldGen       total 53760K, used 8023K [0x0000000082000000, 0x0000000085480000, 0x00000000d6000000)
  object space 53760K, 14% used [0x0000000082000000,0x00000000827d5d48,0x0000000085480000)
 Metaspace       used 24154K, capacity 25204K, committed 25344K, reserved 1071104K
  class space    used 3280K, capacity 3494K, committed 3584K, reserved 1048576K
Event: 6.671 GC heap after
Heap after GC invocations=8 (full 1):
 PSYoungGen      total 139776K, used 7081K [0x00000000d6000000, 0x00000000e4700000, 0x0000000100000000)
  eden space 130560K, 0% used [0x00000000d6000000,0x00000000d6000000,0x00000000ddf80000)
  from space 9216K, 76% used [0x00000000ddf80000,0x00000000de66a730,0x00000000de880000)
  to   space 9216K, 0% used [0x00000000e3e00000,0x00000000e3e00000,0x00000000e4700000)
 ParOldGen       total 53760K, used 8031K [0x0000000082000000, 0x0000000085480000, 0x00000000d6000000)
  object space 53760K, 14% used [0x0000000082000000,0x00000000827d7d48,0x0000000085480000)
 Metaspace       used 24154K, capacity 25204K, committed 25344K, reserved 1071104K
  class space    used 3280K, capacity 3494K, committed 3584K, reserved 1048576K
}
Event: 7.955 GC heap before
{Heap before GC invocations=9 (full 1):
 PSYoungGen      total 139776K, used 137641K [0x00000000d6000000, 0x00000000e4700000, 0x0000000100000000)
  eden space 130560K, 100% used [0x00000000d6000000,0x00000000ddf80000,0x00000000ddf80000)
  from space 9216K, 76% used [0x00000000ddf80000,0x00000000de66a730,0x00000000de880000)
  to   space 9216K, 0% used [0x00000000e3e00000,0x00000000e3e00000,0x00000000e4700000)
 ParOldGen       total 53760K, used 8031K [0x0000000082000000, 0x0000000085480000, 0x00000000d6000000)
  object space 53760K, 14% used [0x0000000082000000,0x00000000827d7d48,0x0000000085480000)
 Metaspace       used 30050K, capacity 31726K, committed 31872K, reserved 1077248K
  class space    used 4111K, capacity 4429K, committed 4480K, reserved 1048576K
Event: 7.966 GC heap after
Heap after GC invocations=9 (full 1):
 PSYoungGen      total 223744K, used 9194K [0x00000000d6000000, 0x00000000e4780000, 0x0000000100000000)
  eden space 214528K, 0% used [0x00000000d6000000,0x00000000d6000000,0x00000000e3180000)
  from space 9216K, 99% used [0x00000000e3e00000,0x00000000e46fa888,0x00000000e4700000)
  to   space 11264K, 0% used [0x00000000e3180000,0x00000000e3180000,0x00000000e3c80000)
 ParOldGen       total 53760K, used 10574K [0x0000000082000000, 0x0000000085480000, 0x00000000d6000000)
  object space 53760K, 19% used [0x0000000082000000,0x0000000082a53ae0,0x0000000085480000)
 Metaspace       used 30050K, capacity 31726K, committed 31872K, reserved 1077248K
  class space    used 4111K, capacity 4429K, committed 4480K, reserved 1048576K
}
Event: 8.592 GC heap before
{Heap before GC invocations=10 (full 1):
 PSYoungGen      total 223744K, used 94890K [0x00000000d6000000, 0x00000000e4780000, 0x0000000100000000)
  eden space 214528K, 39% used [0x00000000d6000000,0x00000000db3afff8,0x00000000e3180000)
  from space 9216K, 99% used [0x00000000e3e00000,0x00000000e46fa888,0x00000000e4700000)
  to   space 11264K, 0% used [0x00000000e3180000,0x00000000e3180000,0x00000000e3c80000)
 ParOldGen       total 53760K, used 10574K [0x0000000082000000, 0x0000000085480000, 0x00000000d6000000)
  object space 53760K, 19% used [0x0000000082000000,0x0000000082a53ae0,0x0000000085480000)
 Metaspace       used 33808K, capacity 35478K, committed 35496K, reserved 1079296K
  class space    used 4549K, capacity 4859K, committed 4864K, reserved 1048576K
Event: 8.607 GC heap after
Heap after GC invocations=10 (full 1):
 PSYoungGen      total 225792K, used 11104K [0x00000000d6000000, 0x00000000e9f80000, 0x0000000100000000)
  eden space 214528K, 0% used [0x00000000d6000000,0x00000000d6000000,0x00000000e3180000)
  from space 11264K, 98% used [0x00000000e3180000,0x00000000e3c580b0,0x00000000e3c80000)
  to   space 12288K, 0% used [0x00000000e9380000,0x00000000e9380000,0x00000000e9f80000)
 ParOldGen       total 53760K, used 10582K [0x0000000082000000, 0x0000000085480000, 0x00000000d6000000)
  object space 53760K, 19% used [0x0000000082000000,0x0000000082a55ae0,0x0000000085480000)
 Metaspace       used 33808K, capacity 35478K, committed 35496K, reserved 1079296K
  class space    used 4549K, capacity 4859K, committed 4864K, reserved 1048576K
}
Event: 8.607 GC heap before
{Heap before GC invocations=11 (full 2):
 PSYoungGen      total 225792K, used 11104K [0x00000000d6000000, 0x00000000e9f80000, 0x0000000100000000)
  eden space 214528K, 0% used [0x00000000d6000000,0x00000000d6000000,0x00000000e3180000)
  from space 11264K, 98% used [0x00000000e3180000,0x00000000e3c580b0,0x00000000e3c80000)
  to   space 12288K, 0% used [0x00000000e9380000,0x00000000e9380000,0x00000000e9f80000)
 ParOldGen       total 53760K, used 10582K [0x0000000082000000, 0x0000000085480000, 0x00000000d6000000)
  object space 53760K, 19% used [0x0000000082000000,0x0000000082a55ae0,0x0000000085480000)
 Metaspace       used 33808K, capacity 35478K, committed 35496K, reserved 1079296K
  class space    used 4549K, capacity 4859K, committed 4864K, reserved 1048576K
Event: 8.720 GC heap after
Heap after GC invocations=11 (full 2):
 PSYoungGen      total 225792K, used 0K [0x00000000d6000000, 0x00000000e9f80000, 0x0000000100000000)
  eden space 214528K, 0% used [0x00000000d6000000,0x00000000d6000000,0x00000000e3180000)
  from space 11264K, 0% used [0x00000000e3180000,0x00000000e3180000,0x00000000e3c80000)
  to   space 12288K, 0% used [0x00000000e9380000,0x00000000e9380000,0x00000000e9f80000)
 ParOldGen       total 84992K, used 16148K [0x0000000082000000, 0x0000000087300000, 0x00000000d6000000)
  object space 84992K, 18% used [0x0000000082000000,0x0000000082fc5168,0x0000000087300000)
 Metaspace       used 33808K, capacity 35478K, committed 35496K, reserved 1079296K
  class space    used 4549K, capacity 4859K, committed 4864K, reserved 1048576K
}
Event: 13.891 GC heap before
{Heap before GC invocations=12 (full 2):
 PSYoungGen      total 225792K, used 214528K [0x00000000d6000000, 0x00000000e9f80000, 0x0000000100000000)
  eden space 214528K, 100% used [0x00000000d6000000,0x00000000e3180000,0x00000000e3180000)
  from space 11264K, 0% used [0x00000000e3180000,0x00000000e3180000,0x00000000e3c80000)
  to   space 12288K, 0% used [0x00000000e9380000,0x00000000e9380000,0x00000000e9f80000)
 ParOldGen       total 84992K, used 16148K [0x0000000082000000, 0x0000000087300000, 0x00000000d6000000)
  object space 84992K, 18% used [0x0000000082000000,0x0000000082fc5168,0x0000000087300000)
 Metaspace       used 46388K, capacity 49236K, committed 49408K, reserved 1091584K
  class space    used 6399K, capacity 6865K, committed 6912K, reserved 1048576K
Event: 13.920 GC heap after
Heap after GC invocations=12 (full 2):
 PSYoungGen      total 281088K, used 12266K [0x00000000d6000000, 0x00000000e9f80000, 0x0000000100000000)
  eden space 268800K, 0% used [0x00000000d6000000,0x00000000d6000000,0x00000000e6680000)
  from space 12288K, 99% used [0x00000000e9380000,0x00000000e9f7abd0,0x00000000e9f80000)
  to   space 15360K, 0% used [0x00000000e8180000,0x00000000e8180000,0x00000000e9080000)
 ParOldGen       total 84992K, used 20715K [0x0000000082000000, 0x0000000087300000, 0x00000000d6000000)
  object space 84992K, 24% used [0x0000000082000000,0x000000008343ad40,0x0000000087300000)
 Metaspace       used 46388K, capacity 49236K, committed 49408K, reserved 1091584K
  class space    used 6399K, capacity 6865K, committed 6912K, reserved 1048576K
}

