# JRE version: Java(TM) SE Runtime Environment (8.0_20-b26) (build 1.8.0_20-b26)
# Java VM: Java HotSpot(TM) 64-Bit Server VM (25.20-b23 mixed mode windows-amd64 compressed oops)
Heap:
 PSYoungGen      total 309248K, used 119938K [0x00000000d6000000, 0x00000000eb300000, 0x0000000100000000)
  eden space 296960K, 36% used [0x00000000d6000000,0x00000000dc925968,0x00000000e8200000)
  from space 12288K, 99% used [0x00000000ea700000,0x00000000eb2fb220,0x00000000eb300000)
  to   space 14336K, 0% used [0x00000000e9700000,0x00000000e9700000,0x00000000ea500000)
 ParOldGen       total 76288K, used 17741K [0x0000000082000000, 0x0000000086a80000, 0x00000000d6000000)
  object space 76288K, 23% used [0x0000000082000000,0x00000000831534a8,0x0000000086a80000)
 Metaspace       used 48310K, capacity 51206K, committed 51328K, reserved 1093632K
  class space    used 6571K, capacity 7040K, committed 7040K, reserved 1048576K
GC Heap History (10 events):
Event: 6.858 GC heap before
{Heap before GC invocations=8 (full 1):
 PSYoungGen      total 139264K, used 131072K [0x00000000d6000000, 0x00000000df100000, 0x0000000100000000)
  eden space 131072K, 100% used [0x00000000d6000000,0x00000000de000000,0x00000000de000000)
  from space 8192K, 0% used [0x00000000de900000,0x00000000de900000,0x00000000df100000)
  to   space 8704K, 0% used [0x00000000de000000,0x00000000de000000,0x00000000de880000)
 ParOldGen       total 50688K, used 6417K [0x0000000082000000, 0x0000000085180000, 0x00000000d6000000)
  object space 50688K, 12% used [0x0000000082000000,0x0000000082644468,0x0000000085180000)
 Metaspace       used 24657K, capacity 25774K, committed 25984K, reserved 1071104K
  class space    used 3363K, capacity 3605K, committed 3712K, reserved 1048576K
Event: 6.865 GC heap after
Heap after GC invocations=8 (full 1):
 PSYoungGen      total 139776K, used 8057K [0x00000000d6000000, 0x00000000e5100000, 0x0000000100000000)
  eden space 131072K, 0% used [0x00000000d6000000,0x00000000d6000000,0x00000000de000000)
  from space 8704K, 92% used [0x00000000de000000,0x00000000de7de4b0,0x00000000de880000)
  to   space 9728K, 0% used [0x00000000e4780000,0x00000000e4780000,0x00000000e5100000)
 ParOldGen       total 50688K, used 6425K [0x0000000082000000, 0x0000000085180000, 0x00000000d6000000)
  object space 50688K, 12% used [0x0000000082000000,0x0000000082646468,0x0000000085180000)
 Metaspace       used 24657K, capacity 25774K, committed 25984K, reserved 1071104K
  class space    used 3363K, capacity 3605K, committed 3712K, reserved 1048576K
}
Event: 7.832 GC heap before
{Heap before GC invocations=9 (full 1):
 PSYoungGen      total 139776K, used 139129K [0x00000000d6000000, 0x00000000e5100000, 0x0000000100000000)
  eden space 131072K, 100% used [0x00000000d6000000,0x00000000de000000,0x00000000de000000)
  from space 8704K, 92% used [0x00000000de000000,0x00000000de7de4b0,0x00000000de880000)
  to   space 9728K, 0% used [0x00000000e4780000,0x00000000e4780000,0x00000000e5100000)
 ParOldGen       total 50688K, used 6425K [0x0000000082000000, 0x0000000085180000, 0x00000000d6000000)
  object space 50688K, 12% used [0x0000000082000000,0x0000000082646468,0x0000000085180000)
 Metaspace       used 30810K, capacity 32482K, committed 32640K, reserved 1077248K
  class space    used 4176K, capacity 4463K, committed 4480K, reserved 1048576K
Event: 7.842 GC heap after
Heap after GC invocations=9 (full 1):
 PSYoungGen      total 235008K, used 9707K [0x00000000d6000000, 0x00000000e5380000, 0x0000000100000000)
  eden space 225280K, 0% used [0x00000000d6000000,0x00000000d6000000,0x00000000e3c00000)
  from space 9728K, 99% used [0x00000000e4780000,0x00000000e50faf98,0x00000000e5100000)
  to   space 11776K, 0% used [0x00000000e3c00000,0x00000000e3c00000,0x00000000e4780000)
 ParOldGen       total 50688K, used 8733K [0x0000000082000000, 0x0000000085180000, 0x00000000d6000000)
  object space 50688K, 17% used [0x0000000082000000,0x0000000082887710,0x0000000085180000)
 Metaspace       used 30810K, capacity 32482K, committed 32640K, reserved 1077248K
  class space    used 4176K, capacity 4463K, committed 4480K, reserved 1048576K
}
Event: 8.351 GC heap before
{Heap before GC invocations=10 (full 1):
 PSYoungGen      total 235008K, used 79314K [0x00000000d6000000, 0x00000000e5380000, 0x0000000100000000)
  eden space 225280K, 30% used [0x00000000d6000000,0x00000000da3f9b70,0x00000000e3c00000)
  from space 9728K, 99% used [0x00000000e4780000,0x00000000e50faf98,0x00000000e5100000)
  to   space 11776K, 0% used [0x00000000e3c00000,0x00000000e3c00000,0x00000000e4780000)
 ParOldGen       total 50688K, used 8733K [0x0000000082000000, 0x0000000085180000, 0x00000000d6000000)
  object space 50688K, 17% used [0x0000000082000000,0x0000000082887710,0x0000000085180000)
 Metaspace       used 33574K, capacity 35332K, committed 35496K, reserved 1079296K
  class space    used 4532K, capacity 4850K, committed 4864K, reserved 1048576K
Event: 8.358 GC heap after
Heap after GC invocations=10 (full 1):
 PSYoungGen      total 237056K, used 9660K [0x00000000d6000000, 0x00000000eb300000, 0x0000000100000000)
  eden space 225280K, 0% used [0x00000000d6000000,0x00000000d6000000,0x00000000e3c00000)
  from space 11776K, 82% used [0x00000000e3c00000,0x00000000e456f260,0x00000000e4780000)
  to   space 12288K, 0% used [0x00000000ea700000,0x00000000ea700000,0x00000000eb300000)
 ParOldGen       total 50688K, used 8741K [0x0000000082000000, 0x0000000085180000, 0x00000000d6000000)
  object space 50688K, 17% used [0x0000000082000000,0x0000000082889710,0x0000000085180000)
 Metaspace       used 33574K, capacity 35332K, committed 35496K, reserved 1079296K
  class space    used 4532K, capacity 4850K, committed 4864K, reserved 1048576K
}
Event: 8.358 GC heap before
{Heap before GC invocations=11 (full 2):
 PSYoungGen      total 237056K, used 9660K [0x00000000d6000000, 0x00000000eb300000, 0x0000000100000000)
  eden space 225280K, 0% used [0x00000000d6000000,0x00000000d6000000,0x00000000e3c00000)
  from space 11776K, 82% used [0x00000000e3c00000,0x00000000e456f260,0x00000000e4780000)
  to   space 12288K, 0% used [0x00000000ea700000,0x00000000ea700000,0x00000000eb300000)
 ParOldGen       total 50688K, used 8741K [0x0000000082000000, 0x0000000085180000, 0x00000000d6000000)
  object space 50688K, 17% used [0x0000000082000000,0x0000000082889710,0x0000000085180000)
 Metaspace       used 33574K, capacity 35332K, committed 35496K, reserved 1079296K
  class space    used 4532K, capacity 4850K, committed 4864K, reserved 1048576K
Event: 8.403 GC heap after
Heap after GC invocations=11 (full 2):
 PSYoungGen      total 237056K, used 0K [0x00000000d6000000, 0x00000000eb300000, 0x0000000100000000)
  eden space 225280K, 0% used [0x00000000d6000000,0x00000000d6000000,0x00000000e3c00000)
  from space 11776K, 0% used [0x00000000e3c00000,0x00000000e3c00000,0x00000000e4780000)
  to   space 12288K, 0% used [0x00000000ea700000,0x00000000ea700000,0x00000000eb300000)
 ParOldGen       total 76288K, used 15204K [0x0000000082000000, 0x0000000086a80000, 0x00000000d6000000)
  object space 76288K, 19% used [0x0000000082000000,0x0000000082ed9050,0x0000000086a80000)
 Metaspace       used 33574K, capacity 35332K, committed 35496K, reserved 1079296K
  class space    used 4532K, capacity 4850K, committed 4864K, reserved 1048576K
}
Event: 13.361 GC heap before
{Heap before GC invocations=12 (full 2):
 PSYoungGen      total 237056K, used 225280K [0x00000000d6000000, 0x00000000eb300000, 0x0000000100000000)
  eden space 225280K, 100% used [0x00000000d6000000,0x00000000e3c00000,0x00000000e3c00000)
  from space 11776K, 0% used [0x00000000e3c00000,0x00000000e3c00000,0x00000000e4780000)
  to   space 12288K, 0% used [0x00000000ea700000,0x00000000ea700000,0x00000000eb300000)
 ParOldGen       total 76288K, used 15204K [0x0000000082000000, 0x0000000086a80000, 0x00000000d6000000)
  object space 76288K, 19% used [0x0000000082000000,0x0000000082ed9050,0x0000000086a80000)
 Metaspace       used 43926K, capacity 46688K, committed 46848K, reserved 1089536K
  class space    used 6060K, capacity 6537K, committed 6656K, reserved 1048576K
Event: 13.374 GC heap after
Heap after GC invocations=12 (full 2):
 PSYoungGen      total 309248K, used 12268K [0x00000000d6000000, 0x00000000eb300000, 0x0000000100000000)
  eden space 296960K, 0% used [0x00000000d6000000,0x00000000d6000000,0x00000000e8200000)
  from space 12288K, 99% used [0x00000000ea700000,0x00000000eb2fb220,0x00000000eb300000)
  to   space 14336K, 0% used [0x00000000e9700000,0x00000000e9700000,0x00000000ea500000)
 ParOldGen       total 76288K, used 17741K [0x0000000082000000, 0x0000000086a80000, 0x00000000d6000000)
  object space 76288K, 23% used [0x0000000082000000,0x00000000831534a8,0x0000000086a80000)
 Metaspace       used 43926K, capacity 46688K, committed 46848K, reserved 1089536K
  class space    used 6060K, capacity 6537K, committed 6656K, reserved 1048576K
}

