# JRE version: Java(TM) SE Runtime Environment (8.0_20-b26) (build 1.8.0_20-b26)
# Java VM: Java HotSpot(TM) 64-Bit Server VM (25.20-b23 mixed mode windows-amd64 compressed oops)
Heap:
 PSYoungGen      total 121856K, used 94156K [0x00000000d6000000, 0x00000000deb00000, 0x0000000100000000)
  eden space 113664K, 75% used [0x00000000d6000000,0x00000000db3f9c90,0x00000000dcf00000)
  from space 8192K, 99% used [0x00000000ddb00000,0x00000000de2f95f0,0x00000000de300000)
  to   space 4608K, 0% used [0x00000000de680000,0x00000000de680000,0x00000000deb00000)
 ParOldGen       total 49664K, used 7762K [0x0000000082000000, 0x0000000085080000, 0x00000000d6000000)
  object space 49664K, 15% used [0x0000000082000000,0x0000000082794a10,0x0000000085080000)
 Metaspace       used 31528K, capacity 32972K, committed 33152K, reserved 1077248K
  class space    used 4343K, capacity 4644K, committed 4736K, reserved 1048576K
GC Heap History (10 events):
Event: 6.649 GC heap before
{Heap before GC invocations=6 (full 0):
 PSYoungGen      total 37888K, used 37863K [0x00000000d6000000, 0x00000000daf00000, 0x0000000100000000)
  eden space 32768K, 100% used [0x00000000d6000000,0x00000000d8000000,0x00000000d8000000)
  from space 5120K, 99% used [0x00000000d8000000,0x00000000d84f9f58,0x00000000d8500000)
  to   space 7680K, 0% used [0x00000000da780000,0x00000000da780000,0x00000000daf00000)
 ParOldGen       total 86016K, used 2866K [0x0000000082000000, 0x0000000087400000, 0x00000000d6000000)
  object space 86016K, 3% used [0x0000000082000000,0x00000000822ccb40,0x0000000087400000)
 Metaspace       used 18936K, capacity 19810K, committed 19968K, reserved 1067008K
  class space    used 2604K, capacity 2777K, committed 2816K, reserved 1048576K
Event: 6.658 GC heap after
Heap after GC invocations=6 (full 0):
 PSYoungGen      total 72192K, used 7526K [0x00000000d6000000, 0x00000000db100000, 0x0000000100000000)
  eden space 64512K, 0% used [0x00000000d6000000,0x00000000d6000000,0x00000000d9f00000)
  from space 7680K, 97% used [0x00000000da780000,0x00000000daed98b8,0x00000000daf00000)
  to   space 8704K, 0% used [0x00000000d9f00000,0x00000000d9f00000,0x00000000da780000)
 ParOldGen       total 86016K, used 2874K [0x0000000082000000, 0x0000000087400000, 0x00000000d6000000)
  object space 86016K, 3% used [0x0000000082000000,0x00000000822ceb40,0x0000000087400000)
 Metaspace       used 18936K, capacity 19810K, committed 19968K, reserved 1067008K
  class space    used 2604K, capacity 2777K, committed 2816K, reserved 1048576K
}
Event: 6.807 GC heap before
{Heap before GC invocations=7 (full 0):
 PSYoungGen      total 72192K, used 25235K [0x00000000d6000000, 0x00000000db100000, 0x0000000100000000)
  eden space 64512K, 27% used [0x00000000d6000000,0x00000000d714b5d0,0x00000000d9f00000)
  from space 7680K, 97% used [0x00000000da780000,0x00000000daed98b8,0x00000000daf00000)
  to   space 8704K, 0% used [0x00000000d9f00000,0x00000000d9f00000,0x00000000da780000)
 ParOldGen       total 86016K, used 2874K [0x0000000082000000, 0x0000000087400000, 0x00000000d6000000)
  object space 86016K, 3% used [0x0000000082000000,0x00000000822ceb40,0x0000000087400000)
 Metaspace       used 20424K, capacity 21260K, committed 21296K, reserved 1067008K
  class space    used 2756K, capacity 2920K, committed 2944K, reserved 1048576K
Event: 6.815 GC heap after
Heap after GC invocations=7 (full 0):
 PSYoungGen      total 73216K, used 4068K [0x00000000d6000000, 0x00000000def00000, 0x0000000100000000)
  eden space 64512K, 0% used [0x00000000d6000000,0x00000000d6000000,0x00000000d9f00000)
  from space 8704K, 46% used [0x00000000d9f00000,0x00000000da2f9240,0x00000000da780000)
  to   space 8704K, 0% used [0x00000000de680000,0x00000000de680000,0x00000000def00000)
 ParOldGen       total 86016K, used 6142K [0x0000000082000000, 0x0000000087400000, 0x00000000d6000000)
  object space 86016K, 7% used [0x0000000082000000,0x00000000825ff988,0x0000000087400000)
 Metaspace       used 20424K, capacity 21260K, committed 21296K, reserved 1067008K
  class space    used 2756K, capacity 2920K, committed 2944K, reserved 1048576K
}
Event: 6.815 GC heap before
{Heap before GC invocations=8 (full 1):
 PSYoungGen      total 73216K, used 4068K [0x00000000d6000000, 0x00000000def00000, 0x0000000100000000)
  eden space 64512K, 0% used [0x00000000d6000000,0x00000000d6000000,0x00000000d9f00000)
  from space 8704K, 46% used [0x00000000d9f00000,0x00000000da2f9240,0x00000000da780000)
  to   space 8704K, 0% used [0x00000000de680000,0x00000000de680000,0x00000000def00000)
 ParOldGen       total 86016K, used 6142K [0x0000000082000000, 0x0000000087400000, 0x00000000d6000000)
  object space 86016K, 7% used [0x0000000082000000,0x00000000825ff988,0x0000000087400000)
 Metaspace       used 20424K, capacity 21260K, committed 21296K, reserved 1067008K
  class space    used 2756K, capacity 2920K, committed 2944K, reserved 1048576K
Event: 6.864 GC heap after
Heap after GC invocations=8 (full 1):
 PSYoungGen      total 73216K, used 0K [0x00000000d6000000, 0x00000000def00000, 0x0000000100000000)
  eden space 64512K, 0% used [0x00000000d6000000,0x00000000d6000000,0x00000000d9f00000)
  from space 8704K, 0% used [0x00000000d9f00000,0x00000000d9f00000,0x00000000da780000)
  to   space 8704K, 0% used [0x00000000de680000,0x00000000de680000,0x00000000def00000)
 ParOldGen       total 49664K, used 7137K [0x0000000082000000, 0x0000000085080000, 0x00000000d6000000)
  object space 49664K, 14% used [0x0000000082000000,0x00000000826f8798,0x0000000085080000)
 Metaspace       used 20423K, capacity 21258K, committed 21296K, reserved 1067008K
  class space    used 2755K, capacity 2919K, committed 2944K, reserved 1048576K
}
Event: 9.109 GC heap before
{Heap before GC invocations=9 (full 1):
 PSYoungGen      total 73216K, used 64512K [0x00000000d6000000, 0x00000000def00000, 0x0000000100000000)
  eden space 64512K, 100% used [0x00000000d6000000,0x00000000d9f00000,0x00000000d9f00000)
  from space 8704K, 0% used [0x00000000d9f00000,0x00000000d9f00000,0x00000000da780000)
  to   space 8704K, 0% used [0x00000000de680000,0x00000000de680000,0x00000000def00000)
 ParOldGen       total 49664K, used 7137K [0x0000000082000000, 0x0000000085080000, 0x00000000d6000000)
  object space 49664K, 14% used [0x0000000082000000,0x00000000826f8798,0x0000000085080000)
 Metaspace       used 23063K, capacity 24010K, committed 24192K, reserved 1071104K
  class space    used 3139K, capacity 3339K, committed 3456K, reserved 1048576K
Event: 9.116 GC heap after
Heap after GC invocations=9 (full 1):
 PSYoungGen      total 118272K, used 4478K [0x00000000d6000000, 0x00000000deb00000, 0x0000000100000000)
  eden space 113664K, 0% used [0x00000000d6000000,0x00000000d6000000,0x00000000dcf00000)
  from space 4608K, 97% used [0x00000000de680000,0x00000000deadf810,0x00000000deb00000)
  to   space 8192K, 0% used [0x00000000ddb00000,0x00000000ddb00000,0x00000000de300000)
 ParOldGen       total 49664K, used 7145K [0x0000000082000000, 0x0000000085080000, 0x00000000d6000000)
  object space 49664K, 14% used [0x0000000082000000,0x00000000826fa798,0x0000000085080000)
 Metaspace       used 23063K, capacity 24010K, committed 24192K, reserved 1071104K
  class space    used 3139K, capacity 3339K, committed 3456K, reserved 1048576K
}
Event: 10.876 GC heap before
{Heap before GC invocations=10 (full 1):
 PSYoungGen      total 118272K, used 118142K [0x00000000d6000000, 0x00000000deb00000, 0x0000000100000000)
  eden space 113664K, 100% used [0x00000000d6000000,0x00000000dcf00000,0x00000000dcf00000)
  from space 4608K, 97% used [0x00000000de680000,0x00000000deadf810,0x00000000deb00000)
  to   space 8192K, 0% used [0x00000000ddb00000,0x00000000ddb00000,0x00000000de300000)
 ParOldGen       total 49664K, used 7145K [0x0000000082000000, 0x0000000085080000, 0x00000000d6000000)
  object space 49664K, 14% used [0x0000000082000000,0x00000000826fa798,0x0000000085080000)
 Metaspace       used 26418K, capacity 27636K, committed 27776K, reserved 1073152K
  class space    used 3633K, capacity 3898K, committed 3968K, reserved 1048576K
Event: 10.913 GC heap after
Heap after GC invocations=10 (full 1):
 PSYoungGen      total 121856K, used 8165K [0x00000000d6000000, 0x00000000deb00000, 0x0000000100000000)
  eden space 113664K, 0% used [0x00000000d6000000,0x00000000d6000000,0x00000000dcf00000)
  from space 8192K, 99% used [0x00000000ddb00000,0x00000000de2f95f0,0x00000000de300000)
  to   space 4608K, 0% used [0x00000000de680000,0x00000000de680000,0x00000000deb00000)
 ParOldGen       total 49664K, used 7762K [0x0000000082000000, 0x0000000085080000, 0x00000000d6000000)
  object space 49664K, 15% used [0x0000000082000000,0x0000000082794a10,0x0000000085080000)
 Metaspace       used 26418K, capacity 27636K, committed 27776K, reserved 1073152K
  class space    used 3633K, capacity 3898K, committed 3968K, reserved 1048576K
}

