# JRE version: Java(TM) SE Runtime Environment (8.0_20-b26) (build 1.8.0_20-b26)
# Java VM: Java HotSpot(TM) 64-Bit Server VM (25.20-b23 mixed mode windows-amd64 compressed oops)
Heap:
 PSYoungGen      total 139776K, used 8741K [0x00000000d6000000, 0x00000000df100000, 0x0000000100000000)
  eden space 131072K, 6% used [0x00000000d6000000,0x00000000d6889508,0x00000000de000000)
  from space 8704K, 0% used [0x00000000de000000,0x00000000de000000,0x00000000de880000)
  to   space 8192K, 0% used [0x00000000de900000,0x00000000de900000,0x00000000df100000)
 ParOldGen       total 46592K, used 7653K [0x0000000082000000, 0x0000000084d80000, 0x00000000d6000000)
  object space 46592K, 16% used [0x0000000082000000,0x0000000082779630,0x0000000084d80000)
 Metaspace       used 23177K, capacity 24214K, committed 24448K, reserved 1079296K
  class space    used 3150K, capacity 3379K, committed 3456K, reserved 1048576K
GC Heap History (10 events):
Event: 7.324 GC heap before
{Heap before GC invocations=9 (full 2):
 PSYoungGen      total 139776K, used 3287K [0x00000000d6000000, 0x00000000df100000, 0x0000000100000000)
  eden space 131072K, 0% used [0x00000000d6000000,0x00000000d6000000,0x00000000de000000)
  from space 8704K, 37% used [0x00000000de000000,0x00000000de335d40,0x00000000de880000)
  to   space 8192K, 0% used [0x00000000de900000,0x00000000de900000,0x00000000df100000)
 ParOldGen       total 46592K, used 6286K [0x0000000082000000, 0x0000000084d80000, 0x00000000d6000000)
  object space 46592K, 13% used [0x0000000082000000,0x0000000082623b28,0x0000000084d80000)
 Metaspace       used 22521K, capacity 23478K, committed 23552K, reserved 1077248K
  class space    used 3067K, capacity 3291K, committed 3328K, reserved 1048576K
Event: 7.375 GC heap after
Heap after GC invocations=9 (full 2):
 PSYoungGen      total 139776K, used 0K [0x00000000d6000000, 0x00000000df100000, 0x0000000100000000)
  eden space 131072K, 0% used [0x00000000d6000000,0x00000000d6000000,0x00000000de000000)
  from space 8704K, 0% used [0x00000000de000000,0x00000000de000000,0x00000000de880000)
  to   space 8192K, 0% used [0x00000000de900000,0x00000000de900000,0x00000000df100000)
 ParOldGen       total 46592K, used 8618K [0x0000000082000000, 0x0000000084d80000, 0x00000000d6000000)
  object space 46592K, 18% used [0x0000000082000000,0x000000008286a9c0,0x0000000084d80000)
 Metaspace       used 22521K, capacity 23478K, committed 23552K, reserved 1075200K
  class space    used 3067K, capacity 3291K, committed 3328K, reserved 1048576K
}
Event: 7.398 GC heap before
{Heap before GC invocations=10 (full 2):
 PSYoungGen      total 139776K, used 7689K [0x00000000d6000000, 0x00000000df100000, 0x0000000100000000)
  eden space 131072K, 5% used [0x00000000d6000000,0x00000000d6782728,0x00000000de000000)
  from space 8704K, 0% used [0x00000000de000000,0x00000000de000000,0x00000000de880000)
  to   space 8192K, 0% used [0x00000000de900000,0x00000000de900000,0x00000000df100000)
 ParOldGen       total 46592K, used 8618K [0x0000000082000000, 0x0000000084d80000, 0x00000000d6000000)
  object space 46592K, 18% used [0x0000000082000000,0x000000008286a9c0,0x0000000084d80000)
 Metaspace       used 22808K, capacity 23734K, committed 23808K, reserved 1079296K
  class space    used 3085K, capacity 3291K, committed 3328K, reserved 1048576K
Event: 7.399 GC heap after
Heap after GC invocations=10 (full 2):
 PSYoungGen      total 139264K, used 543K [0x00000000d6000000, 0x00000000df100000, 0x0000000100000000)
  eden space 131072K, 0% used [0x00000000d6000000,0x00000000d6000000,0x00000000de000000)
  from space 8192K, 6% used [0x00000000de900000,0x00000000de987ce8,0x00000000df100000)
  to   space 8704K, 0% used [0x00000000de000000,0x00000000de000000,0x00000000de880000)
 ParOldGen       total 46592K, used 8618K [0x0000000082000000, 0x0000000084d80000, 0x00000000d6000000)
  object space 46592K, 18% used [0x0000000082000000,0x000000008286a9c0,0x0000000084d80000)
 Metaspace       used 22808K, capacity 23734K, committed 23808K, reserved 1079296K
  class space    used 3085K, capacity 3291K, committed 3328K, reserved 1048576K
}
Event: 7.399 GC heap before
{Heap before GC invocations=11 (full 3):
 PSYoungGen      total 139264K, used 543K [0x00000000d6000000, 0x00000000df100000, 0x0000000100000000)
  eden space 131072K, 0% used [0x00000000d6000000,0x00000000d6000000,0x00000000de000000)
  from space 8192K, 6% used [0x00000000de900000,0x00000000de987ce8,0x00000000df100000)
  to   space 8704K, 0% used [0x00000000de000000,0x00000000de000000,0x00000000de880000)
 ParOldGen       total 46592K, used 8618K [0x0000000082000000, 0x0000000084d80000, 0x00000000d6000000)
  object space 46592K, 18% used [0x0000000082000000,0x000000008286a9c0,0x0000000084d80000)
 Metaspace       used 22808K, capacity 23734K, committed 23808K, reserved 1079296K
  class space    used 3085K, capacity 3291K, committed 3328K, reserved 1048576K
Event: 7.462 GC heap after
Heap after GC invocations=11 (full 3):
 PSYoungGen      total 139264K, used 0K [0x00000000d6000000, 0x00000000df100000, 0x0000000100000000)
  eden space 131072K, 0% used [0x00000000d6000000,0x00000000d6000000,0x00000000de000000)
  from space 8192K, 0% used [0x00000000de900000,0x00000000de900000,0x00000000df100000)
  to   space 8704K, 0% used [0x00000000de000000,0x00000000de000000,0x00000000de880000)
 ParOldGen       total 46592K, used 7204K [0x0000000082000000, 0x0000000084d80000, 0x00000000d6000000)
  object space 46592K, 15% used [0x0000000082000000,0x0000000082709350,0x0000000084d80000)
 Metaspace       used 22808K, capacity 23734K, committed 23808K, reserved 1077248K
  class space    used 3085K, capacity 3291K, committed 3328K, reserved 1048576K
}
Event: 7.530 GC heap before
{Heap before GC invocations=12 (full 3):
 PSYoungGen      total 139264K, used 13334K [0x00000000d6000000, 0x00000000df100000, 0x0000000100000000)
  eden space 131072K, 10% used [0x00000000d6000000,0x00000000d6d05a08,0x00000000de000000)
  from space 8192K, 0% used [0x00000000de900000,0x00000000de900000,0x00000000df100000)
  to   space 8704K, 0% used [0x00000000de000000,0x00000000de000000,0x00000000de880000)
 ParOldGen       total 46592K, used 7204K [0x0000000082000000, 0x0000000084d80000, 0x00000000d6000000)
  object space 46592K, 15% used [0x0000000082000000,0x0000000082709350,0x0000000084d80000)
 Metaspace       used 23064K, capacity 24012K, committed 24192K, reserved 1081344K
  class space    used 3126K, capacity 3340K, committed 3456K, reserved 1048576K
Event: 7.531 GC heap after
Heap after GC invocations=12 (full 3):
 PSYoungGen      total 139776K, used 893K [0x00000000d6000000, 0x00000000df100000, 0x0000000100000000)
  eden space 131072K, 0% used [0x00000000d6000000,0x00000000d6000000,0x00000000de000000)
  from space 8704K, 10% used [0x00000000de000000,0x00000000de0df670,0x00000000de880000)
  to   space 8192K, 0% used [0x00000000de900000,0x00000000de900000,0x00000000df100000)
 ParOldGen       total 46592K, used 7212K [0x0000000082000000, 0x0000000084d80000, 0x00000000d6000000)
  object space 46592K, 15% used [0x0000000082000000,0x000000008270b350,0x0000000084d80000)
 Metaspace       used 23064K, capacity 24012K, committed 24192K, reserved 1081344K
  class space    used 3126K, capacity 3340K, committed 3456K, reserved 1048576K
}
Event: 7.531 GC heap before
{Heap before GC invocations=13 (full 4):
 PSYoungGen      total 139776K, used 893K [0x00000000d6000000, 0x00000000df100000, 0x0000000100000000)
  eden space 131072K, 0% used [0x00000000d6000000,0x00000000d6000000,0x00000000de000000)
  from space 8704K, 10% used [0x00000000de000000,0x00000000de0df670,0x00000000de880000)
  to   space 8192K, 0% used [0x00000000de900000,0x00000000de900000,0x00000000df100000)
 ParOldGen       total 46592K, used 7212K [0x0000000082000000, 0x0000000084d80000, 0x00000000d6000000)
  object space 46592K, 15% used [0x0000000082000000,0x000000008270b350,0x0000000084d80000)
 Metaspace       used 23064K, capacity 24012K, committed 24192K, reserved 1081344K
  class space    used 3126K, capacity 3340K, committed 3456K, reserved 1048576K
Event: 7.550 GC heap after
Heap after GC invocations=13 (full 4):
 PSYoungGen      total 139776K, used 0K [0x00000000d6000000, 0x00000000df100000, 0x0000000100000000)
  eden space 131072K, 0% used [0x00000000d6000000,0x00000000d6000000,0x00000000de000000)
  from space 8704K, 0% used [0x00000000de000000,0x00000000de000000,0x00000000de880000)
  to   space 8192K, 0% used [0x00000000de900000,0x00000000de900000,0x00000000df100000)
 ParOldGen       total 46592K, used 7653K [0x0000000082000000, 0x0000000084d80000, 0x00000000d6000000)
  object space 46592K, 16% used [0x0000000082000000,0x0000000082779630,0x0000000084d80000)
 Metaspace       used 23064K, capacity 24012K, committed 24192K, reserved 1079296K
  class space    used 3126K, capacity 3340K, committed 3456K, reserved 1048576K
}

