# JRE version: Java(TM) SE Runtime Environment (8.0_20-b26) (build 1.8.0_20-b26)
# Java VM: Java HotSpot(TM) 64-Bit Server VM (25.20-b23 mixed mode windows-amd64 compressed oops)
Heap:
 PSYoungGen      total 37888K, used 25214K [0x00000000d6000000, 0x00000000d8a00000, 0x0000000100000000)
  eden space 32768K, 68% used [0x00000000d6000000,0x00000000d76146e0,0x00000000d8000000)
  from space 5120K, 50% used [0x00000000d8500000,0x00000000d878b488,0x00000000d8a00000)
  to   space 5120K, 0% used [0x00000000d8000000,0x00000000d8000000,0x00000000d8500000)
 ParOldGen       total 50688K, used 3736K [0x0000000082000000, 0x0000000085180000, 0x00000000d6000000)
  object space 50688K, 7% used [0x0000000082000000,0x00000000823a60a0,0x0000000085180000)
 Metaspace       used 15999K, capacity 16678K, committed 16896K, reserved 1067008K
  class space    used 2063K, capacity 2219K, committed 2304K, reserved 1048576K
GC Heap History (10 events):
Event: 2.811 GC heap before
{Heap before GC invocations=1 (full 0):
 PSYoungGen      total 37888K, used 32768K [0x00000000d6000000, 0x00000000d8a00000, 0x0000000100000000)
  eden space 32768K, 100% used [0x00000000d6000000,0x00000000d8000000,0x00000000d8000000)
  from space 5120K, 0% used [0x00000000d8500000,0x00000000d8500000,0x00000000d8a00000)
  to   space 5120K, 0% used [0x00000000d8000000,0x00000000d8000000,0x00000000d8500000)
 ParOldGen       total 86016K, used 0K [0x0000000082000000, 0x0000000087400000, 0x00000000d6000000)
  object space 86016K, 0% used [0x0000000082000000,0x0000000082000000,0x0000000087400000)
 Metaspace       used 9247K, capacity 9464K, committed 9728K, reserved 1058816K
  class space    used 1096K, capacity 1162K, committed 1280K, reserved 1048576K
Event: 2.822 GC heap after
Heap after GC invocations=1 (full 0):
 PSYoungGen      total 37888K, used 4326K [0x00000000d6000000, 0x00000000d8a00000, 0x0000000100000000)
  eden space 32768K, 0% used [0x00000000d6000000,0x00000000d6000000,0x00000000d8000000)
  from space 5120K, 84% used [0x00000000d8000000,0x00000000d8439b18,0x00000000d8500000)
  to   space 5120K, 0% used [0x00000000d8500000,0x00000000d8500000,0x00000000d8a00000)
 ParOldGen       total 86016K, used 8K [0x0000000082000000, 0x0000000087400000, 0x00000000d6000000)
  object space 86016K, 0% used [0x0000000082000000,0x0000000082002000,0x0000000087400000)
 Metaspace       used 9247K, capacity 9464K, committed 9728K, reserved 1058816K
  class space    used 1096K, capacity 1162K, committed 1280K, reserved 1048576K
}
Event: 3.476 GC heap before
{Heap before GC invocations=2 (full 0):
 PSYoungGen      total 37888K, used 37094K [0x00000000d6000000, 0x00000000d8a00000, 0x0000000100000000)
  eden space 32768K, 100% used [0x00000000d6000000,0x00000000d8000000,0x00000000d8000000)
  from space 5120K, 84% used [0x00000000d8000000,0x00000000d8439b18,0x00000000d8500000)
  to   space 5120K, 0% used [0x00000000d8500000,0x00000000d8500000,0x00000000d8a00000)
 ParOldGen       total 86016K, used 8K [0x0000000082000000, 0x0000000087400000, 0x00000000d6000000)
  object space 86016K, 0% used [0x0000000082000000,0x0000000082002000,0x0000000087400000)
 Metaspace       used 11921K, capacity 12264K, committed 12416K, reserved 1060864K
  class space    used 1486K, capacity 1580K, committed 1664K, reserved 1048576K
Event: 3.486 GC heap after
Heap after GC invocations=2 (full 0):
 PSYoungGen      total 37888K, used 5105K [0x00000000d6000000, 0x00000000d8a00000, 0x0000000100000000)
  eden space 32768K, 0% used [0x00000000d6000000,0x00000000d6000000,0x00000000d8000000)
  from space 5120K, 99% used [0x00000000d8500000,0x00000000d89fc4d8,0x00000000d8a00000)
  to   space 5120K, 0% used [0x00000000d8000000,0x00000000d8000000,0x00000000d8500000)
 ParOldGen       total 86016K, used 16K [0x0000000082000000, 0x0000000087400000, 0x00000000d6000000)
  object space 86016K, 0% used [0x0000000082000000,0x0000000082004000,0x0000000087400000)
 Metaspace       used 11921K, capacity 12264K, committed 12416K, reserved 1060864K
  class space    used 1486K, capacity 1580K, committed 1664K, reserved 1048576K
}
Event: 3.817 GC heap before
{Heap before GC invocations=3 (full 0):
 PSYoungGen      total 37888K, used 7757K [0x00000000d6000000, 0x00000000d8a00000, 0x0000000100000000)
  eden space 32768K, 8% used [0x00000000d6000000,0x00000000d6297038,0x00000000d8000000)
  from space 5120K, 99% used [0x00000000d8500000,0x00000000d89fc4d8,0x00000000d8a00000)
  to   space 5120K, 0% used [0x00000000d8000000,0x00000000d8000000,0x00000000d8500000)
 ParOldGen       total 86016K, used 16K [0x0000000082000000, 0x0000000087400000, 0x00000000d6000000)
  object space 86016K, 0% used [0x0000000082000000,0x0000000082004000,0x0000000087400000)
 Metaspace       used 12238K, capacity 12588K, committed 12672K, reserved 1064960K
  class space    used 1529K, capacity 1622K, committed 1664K, reserved 1048576K
Event: 3.824 GC heap after
Heap after GC invocations=3 (full 0):
 PSYoungGen      total 37888K, used 3872K [0x00000000d6000000, 0x00000000d8a00000, 0x0000000100000000)
  eden space 32768K, 0% used [0x00000000d6000000,0x00000000d6000000,0x00000000d8000000)
  from space 5120K, 75% used [0x00000000d8000000,0x00000000d83c8278,0x00000000d8500000)
  to   space 5120K, 0% used [0x00000000d8500000,0x00000000d8500000,0x00000000d8a00000)
 ParOldGen       total 86016K, used 24K [0x0000000082000000, 0x0000000087400000, 0x00000000d6000000)
  object space 86016K, 0% used [0x0000000082000000,0x0000000082006000,0x0000000087400000)
 Metaspace       used 12238K, capacity 12588K, committed 12672K, reserved 1064960K
  class space    used 1529K, capacity 1622K, committed 1664K, reserved 1048576K
}
Event: 3.824 GC heap before
{Heap before GC invocations=4 (full 1):
 PSYoungGen      total 37888K, used 3872K [0x00000000d6000000, 0x00000000d8a00000, 0x0000000100000000)
  eden space 32768K, 0% used [0x00000000d6000000,0x00000000d6000000,0x00000000d8000000)
  from space 5120K, 75% used [0x00000000d8000000,0x00000000d83c8278,0x00000000d8500000)
  to   space 5120K, 0% used [0x00000000d8500000,0x00000000d8500000,0x00000000d8a00000)
 ParOldGen       total 86016K, used 24K [0x0000000082000000, 0x0000000087400000, 0x00000000d6000000)
  object space 86016K, 0% used [0x0000000082000000,0x0000000082006000,0x0000000087400000)
 Metaspace       used 12238K, capacity 12588K, committed 12672K, reserved 1064960K
  class space    used 1529K, capacity 1622K, committed 1664K, reserved 1048576K
Event: 3.861 GC heap after
Heap after GC invocations=4 (full 1):
 PSYoungGen      total 37888K, used 0K [0x00000000d6000000, 0x00000000d8a00000, 0x0000000100000000)
  eden space 32768K, 0% used [0x00000000d6000000,0x00000000d6000000,0x00000000d8000000)
  from space 5120K, 0% used [0x00000000d8000000,0x00000000d8000000,0x00000000d8500000)
  to   space 5120K, 0% used [0x00000000d8500000,0x00000000d8500000,0x00000000d8a00000)
 ParOldGen       total 50688K, used 3728K [0x0000000082000000, 0x0000000085180000, 0x00000000d6000000)
  object space 50688K, 7% used [0x0000000082000000,0x00000000823a40a0,0x0000000085180000)
 Metaspace       used 12235K, capacity 12584K, committed 12672K, reserved 1062912K
  class space    used 1528K, capacity 1620K, committed 1664K, reserved 1048576K
}
Event: 5.882 GC heap before
{Heap before GC invocations=5 (full 1):
 PSYoungGen      total 37888K, used 32768K [0x00000000d6000000, 0x00000000d8a00000, 0x0000000100000000)
  eden space 32768K, 100% used [0x00000000d6000000,0x00000000d8000000,0x00000000d8000000)
  from space 5120K, 0% used [0x00000000d8000000,0x00000000d8000000,0x00000000d8500000)
  to   space 5120K, 0% used [0x00000000d8500000,0x00000000d8500000,0x00000000d8a00000)
 ParOldGen       total 50688K, used 3728K [0x0000000082000000, 0x0000000085180000, 0x00000000d6000000)
  object space 50688K, 7% used [0x0000000082000000,0x00000000823a40a0,0x0000000085180000)
 Metaspace       used 14596K, capacity 15174K, committed 15360K, reserved 1064960K
  class space    used 1889K, capacity 2039K, committed 2048K, reserved 1048576K
Event: 5.886 GC heap after
Heap after GC invocations=5 (full 1):
 PSYoungGen      total 37888K, used 2605K [0x00000000d6000000, 0x00000000d8a00000, 0x0000000100000000)
  eden space 32768K, 0% used [0x00000000d6000000,0x00000000d6000000,0x00000000d8000000)
  from space 5120K, 50% used [0x00000000d8500000,0x00000000d878b488,0x00000000d8a00000)
  to   space 5120K, 0% used [0x00000000d8000000,0x00000000d8000000,0x00000000d8500000)
 ParOldGen       total 50688K, used 3736K [0x0000000082000000, 0x0000000085180000, 0x00000000d6000000)
  object space 50688K, 7% used [0x0000000082000000,0x00000000823a60a0,0x0000000085180000)
 Metaspace       used 14596K, capacity 15174K, committed 15360K, reserved 1064960K
  class space    used 1889K, capacity 2039K, committed 2048K, reserved 1048576K
}

