# JRE version: Java(TM) SE Runtime Environment (8.0_20-b26) (build 1.8.0_20-b26)
# Java VM: Java HotSpot(TM) 64-Bit Server VM (25.20-b23 mixed mode windows-amd64 compressed oops)
Heap:
 PSYoungGen      total 251392K, used 198929K [0x00000000d6000000, 0x00000000ed400000, 0x0000000100000000)
  eden space 238080K, 83% used [0x00000000d6000000,0x00000000e22444d8,0x00000000e4880000)
  from space 13312K, 0% used [0x00000000e4880000,0x00000000e4880000,0x00000000e5580000)
  to   space 14848K, 0% used [0x00000000ec580000,0x00000000ec580000,0x00000000ed400000)
 ParOldGen       total 73216K, used 17871K [0x0000000082000000, 0x0000000086780000, 0x00000000d6000000)
  object space 73216K, 24% used [0x0000000082000000,0x0000000083173fa0,0x0000000086780000)
 Metaspace       used 44496K, capacity 47614K, committed 47696K, reserved 1089536K
  class space    used 6185K, capacity 6697K, committed 6740K, reserved 1048576K
GC Heap History (10 events):
Event: 12.485 GC heap before
{Heap before GC invocations=7 (full 1):
 PSYoungGen      total 140800K, used 5251K [0x00000000d6000000, 0x00000000df300000, 0x0000000100000000)
  eden space 131072K, 0% used [0x00000000d6000000,0x00000000d6000000,0x00000000de000000)
  from space 9728K, 53% used [0x00000000de980000,0x00000000deea0f50,0x00000000df300000)
  to   space 9728K, 0% used [0x00000000de000000,0x00000000de000000,0x00000000de980000)
 ParOldGen       total 86016K, used 8040K [0x0000000082000000, 0x0000000087400000, 0x00000000d6000000)
  object space 86016K, 9% used [0x0000000082000000,0x00000000827da080,0x0000000087400000)
 Metaspace       used 20554K, capacity 21476K, committed 21628K, reserved 1069056K
  class space    used 2693K, capacity 2898K, committed 2944K, reserved 1048576K
Event: 12.575 GC heap after
Heap after GC invocations=7 (full 1):
 PSYoungGen      total 140800K, used 0K [0x00000000d6000000, 0x00000000df300000, 0x0000000100000000)
  eden space 131072K, 0% used [0x00000000d6000000,0x00000000d6000000,0x00000000de000000)
  from space 9728K, 0% used [0x00000000de980000,0x00000000de980000,0x00000000df300000)
  to   space 9728K, 0% used [0x00000000de000000,0x00000000de000000,0x00000000de980000)
 ParOldGen       total 48128K, used 7134K [0x0000000082000000, 0x0000000084f00000, 0x00000000d6000000)
  object space 48128K, 14% used [0x0000000082000000,0x00000000826f7808,0x0000000084f00000)
 Metaspace       used 20553K, capacity 21474K, committed 21628K, reserved 1069056K
  class space    used 2692K, capacity 2897K, committed 2944K, reserved 1048576K
}
Event: 15.090 GC heap before
{Heap before GC invocations=8 (full 1):
 PSYoungGen      total 140800K, used 131072K [0x00000000d6000000, 0x00000000df300000, 0x0000000100000000)
  eden space 131072K, 100% used [0x00000000d6000000,0x00000000de000000,0x00000000de000000)
  from space 9728K, 0% used [0x00000000de980000,0x00000000de980000,0x00000000df300000)
  to   space 9728K, 0% used [0x00000000de000000,0x00000000de000000,0x00000000de980000)
 ParOldGen       total 48128K, used 7134K [0x0000000082000000, 0x0000000084f00000, 0x00000000d6000000)
  object space 48128K, 14% used [0x0000000082000000,0x00000000826f7808,0x0000000084f00000)
 Metaspace       used 24103K, capacity 25262K, committed 25596K, reserved 1071104K
  class space    used 3240K, capacity 3471K, committed 3584K, reserved 1048576K
Event: 15.105 GC heap after
Heap after GC invocations=8 (full 1):
 PSYoungGen      total 140800K, used 9537K [0x00000000d6000000, 0x00000000e6180000, 0x0000000100000000)
  eden space 131072K, 0% used [0x00000000d6000000,0x00000000d6000000,0x00000000de000000)
  from space 9728K, 98% used [0x00000000de000000,0x00000000de950568,0x00000000de980000)
  to   space 10752K, 0% used [0x00000000e5700000,0x00000000e5700000,0x00000000e6180000)
 ParOldGen       total 48128K, used 7142K [0x0000000082000000, 0x0000000084f00000, 0x00000000d6000000)
  object space 48128K, 14% used [0x0000000082000000,0x00000000826f9808,0x0000000084f00000)
 Metaspace       used 24103K, capacity 25262K, committed 25596K, reserved 1071104K
  class space    used 3240K, capacity 3471K, committed 3584K, reserved 1048576K
}
Event: 17.526 GC heap before
{Heap before GC invocations=9 (full 1):
 PSYoungGen      total 140800K, used 140609K [0x00000000d6000000, 0x00000000e6180000, 0x0000000100000000)
  eden space 131072K, 100% used [0x00000000d6000000,0x00000000de000000,0x00000000de000000)
  from space 9728K, 98% used [0x00000000de000000,0x00000000de950568,0x00000000de980000)
  to   space 10752K, 0% used [0x00000000e5700000,0x00000000e5700000,0x00000000e6180000)
 ParOldGen       total 48128K, used 7142K [0x0000000082000000, 0x0000000084f00000, 0x00000000d6000000)
  object space 48128K, 14% used [0x0000000082000000,0x00000000826f9808,0x0000000084f00000)
 Metaspace       used 30509K, capacity 32218K, committed 32380K, reserved 1077248K
  class space    used 4112K, capacity 4405K, committed 4480K, reserved 1048576K
Event: 17.551 GC heap after
Heap after GC invocations=9 (full 1):
 PSYoungGen      total 248832K, used 10743K [0x00000000d6000000, 0x00000000e6280000, 0x0000000100000000)
  eden space 238080K, 0% used [0x00000000d6000000,0x00000000d6000000,0x00000000e4880000)
  from space 10752K, 99% used [0x00000000e5700000,0x00000000e617dce8,0x00000000e6180000)
  to   space 13312K, 0% used [0x00000000e4880000,0x00000000e4880000,0x00000000e5580000)
 ParOldGen       total 48128K, used 9730K [0x0000000082000000, 0x0000000084f00000, 0x00000000d6000000)
  object space 48128K, 20% used [0x0000000082000000,0x0000000082980ae0,0x0000000084f00000)
 Metaspace       used 30509K, capacity 32218K, committed 32380K, reserved 1077248K
  class space    used 4112K, capacity 4405K, committed 4480K, reserved 1048576K
}
Event: 19.578 GC heap before
{Heap before GC invocations=10 (full 1):
 PSYoungGen      total 248832K, used 86762K [0x00000000d6000000, 0x00000000e6280000, 0x0000000100000000)
  eden space 238080K, 31% used [0x00000000d6000000,0x00000000daa3cbd8,0x00000000e4880000)
  from space 10752K, 99% used [0x00000000e5700000,0x00000000e617dce8,0x00000000e6180000)
  to   space 13312K, 0% used [0x00000000e4880000,0x00000000e4880000,0x00000000e5580000)
 ParOldGen       total 48128K, used 9730K [0x0000000082000000, 0x0000000084f00000, 0x00000000d6000000)
  object space 48128K, 20% used [0x0000000082000000,0x0000000082980ae0,0x0000000084f00000)
 Metaspace       used 33811K, capacity 35928K, committed 36048K, reserved 1081344K
  class space    used 4617K, capacity 5012K, committed 5076K, reserved 1048576K
Event: 19.606 GC heap after
Heap after GC invocations=10 (full 1):
 PSYoungGen      total 251392K, used 13050K [0x00000000d6000000, 0x00000000ed400000, 0x0000000100000000)
  eden space 238080K, 0% used [0x00000000d6000000,0x00000000d6000000,0x00000000e4880000)
  from space 13312K, 98% used [0x00000000e4880000,0x00000000e553e9d0,0x00000000e5580000)
  to   space 14848K, 0% used [0x00000000ec580000,0x00000000ec580000,0x00000000ed400000)
 ParOldGen       total 48128K, used 9738K [0x0000000082000000, 0x0000000084f00000, 0x00000000d6000000)
  object space 48128K, 20% used [0x0000000082000000,0x0000000082982ae0,0x0000000084f00000)
 Metaspace       used 33811K, capacity 35928K, committed 36048K, reserved 1081344K
  class space    used 4617K, capacity 5012K, committed 5076K, reserved 1048576K
}
Event: 19.606 GC heap before
{Heap before GC invocations=11 (full 2):
 PSYoungGen      total 251392K, used 13050K [0x00000000d6000000, 0x00000000ed400000, 0x0000000100000000)
  eden space 238080K, 0% used [0x00000000d6000000,0x00000000d6000000,0x00000000e4880000)
  from space 13312K, 98% used [0x00000000e4880000,0x00000000e553e9d0,0x00000000e5580000)
  to   space 14848K, 0% used [0x00000000ec580000,0x00000000ec580000,0x00000000ed400000)
 ParOldGen       total 48128K, used 9738K [0x0000000082000000, 0x0000000084f00000, 0x00000000d6000000)
  object space 48128K, 20% used [0x0000000082000000,0x0000000082982ae0,0x0000000084f00000)
 Metaspace       used 33811K, capacity 35928K, committed 36048K, reserved 1081344K
  class space    used 4617K, capacity 5012K, committed 5076K, reserved 1048576K
Event: 19.803 GC heap after
Heap after GC invocations=11 (full 2):
 PSYoungGen      total 251392K, used 0K [0x00000000d6000000, 0x00000000ed400000, 0x0000000100000000)
  eden space 238080K, 0% used [0x00000000d6000000,0x00000000d6000000,0x00000000e4880000)
  from space 13312K, 0% used [0x00000000e4880000,0x00000000e4880000,0x00000000e5580000)
  to   space 14848K, 0% used [0x00000000ec580000,0x00000000ec580000,0x00000000ed400000)
 ParOldGen       total 73216K, used 17871K [0x0000000082000000, 0x0000000086780000, 0x00000000d6000000)
  object space 73216K, 24% used [0x0000000082000000,0x0000000083173fa0,0x0000000086780000)
 Metaspace       used 33811K, capacity 35928K, committed 36048K, reserved 1081344K
  class space    used 4617K, capacity 5012K, committed 5076K, reserved 1048576K
}

